This is pdfTeX, Version 3.1415926-2.3-1.40.12 (TeX Live 2011) (format=pdflatex 2011.10.26)  28 APR 2013 22:28
entering extended mode
 \write18 enabled.
 file:line:error style messages enabled.
 %&-line parsing enabled.
**outline.tex
(./outline.tex
LaTeX2e <2009/09/24>
Babel <v3.8l> and hyphenation patterns for english, dumylang, nohyphenation, ba
sque, danish, dutch, finnish, french, german, ngerman, swissgerman, hungarian, 
italian, bokmal, nynorsk, polish, portuguese, spanish, swedish, loaded.
(/usr/local/texlive/2011basic/texmf-dist/tex/latex/amscls/amsart.cls
Document Class: amsart 2009/07/02 v2.20.1
\linespacing=\dimen102
\normalparindent=\dimen103
\normaltopskip=\skip41
(/usr/local/texlive/2011basic/texmf-dist/tex/latex/amsmath/amsmath.sty
Package: amsmath 2000/07/18 v2.13 AMS math features
\@mathmargin=\skip42

For additional information on amsmath, use the `?' option.
(/usr/local/texlive/2011basic/texmf-dist/tex/latex/amsmath/amstext.sty
Package: amstext 2000/06/29 v2.01

(/usr/local/texlive/2011basic/texmf-dist/tex/latex/amsmath/amsgen.sty
File: amsgen.sty 1999/11/30 v2.0
\@emptytoks=\toks14
\ex@=\dimen104
))
(/usr/local/texlive/2011basic/texmf-dist/tex/latex/amsmath/amsbsy.sty
Package: amsbsy 1999/11/29 v1.2d
\pmbraise@=\dimen105
)
(/usr/local/texlive/2011basic/texmf-dist/tex/latex/amsmath/amsopn.sty
Package: amsopn 1999/12/14 v2.01 operator names
)
\inf@bad=\count79
LaTeX Info: Redefining \frac on input line 211.
\uproot@=\count80
\leftroot@=\count81
LaTeX Info: Redefining \overline on input line 307.
\classnum@=\count82
\DOTSCASE@=\count83
LaTeX Info: Redefining \ldots on input line 379.
LaTeX Info: Redefining \dots on input line 382.
LaTeX Info: Redefining \cdots on input line 467.
\Mathstrutbox@=\box26
\strutbox@=\box27
\big@size=\dimen106
LaTeX Font Info:    Redeclaring font encoding OML on input line 567.
LaTeX Font Info:    Redeclaring font encoding OMS on input line 568.
\macc@depth=\count84
\c@MaxMatrixCols=\count85
\dotsspace@=\muskip10
\c@parentequation=\count86
\dspbrk@lvl=\count87
\tag@help=\toks15
\row@=\count88
\column@=\count89
\maxfields@=\count90
\andhelp@=\toks16
\eqnshift@=\dimen107
\alignsep@=\dimen108
\tagshift@=\dimen109
\tagwidth@=\dimen110
\totwidth@=\dimen111
\lineht@=\dimen112
\@envbody=\toks17
\multlinegap=\skip43
\multlinetaggap=\skip44
\mathdisplay@stack=\toks18
LaTeX Info: Redefining \[ on input line 2666.
LaTeX Info: Redefining \] on input line 2667.
)
LaTeX Font Info:    Try loading font information for U+msa on input line 388.

(/usr/local/texlive/2011basic/texmf-dist/tex/latex/amsfonts/umsa.fd
File: umsa.fd 2009/06/22 v3.00 AMS symbols A
)
(/usr/local/texlive/2011basic/texmf-dist/tex/latex/amsfonts/amsfonts.sty
Package: amsfonts 2009/06/22 v3.00 Basic AMSFonts support
\symAMSa=\mathgroup4
\symAMSb=\mathgroup5
LaTeX Font Info:    Overwriting math alphabet `\mathfrak' in version `bold'
(Font)                  U/euf/m/n --> U/euf/b/n on input line 96.
)
\copyins=\insert233
\abstractbox=\box28
\listisep=\skip45
\c@part=\count91
\c@section=\count92
\c@subsection=\count93
\c@subsubsection=\count94
\c@paragraph=\count95
\c@subparagraph=\count96
\c@figure=\count97
\c@table=\count98
\abovecaptionskip=\skip46
\belowcaptionskip=\skip47
\captionindent=\dimen113
\thm@style=\toks19
\thm@bodyfont=\toks20
\thm@headfont=\toks21
\thm@notefont=\toks22
\thm@headpunct=\toks23
\thm@preskip=\skip48
\thm@postskip=\skip49
\thm@headsep=\skip50
\dth@everypar=\toks24
)
(/usr/local/texlive/2011basic/texmf-dist/tex/latex/geometry/geometry.sty
Package: geometry 2010/09/12 v5.6 Page Geometry

(/usr/local/texlive/2011basic/texmf-dist/tex/latex/graphics/keyval.sty
Package: keyval 1999/03/16 v1.13 key=value parser (DPC)
\KV@toks@=\toks25
)
(/usr/local/texlive/2011basic/texmf-dist/tex/generic/oberdiek/ifpdf.sty
Package: ifpdf 2011/01/30 v2.3 Provides the ifpdf switch (HO)
Package ifpdf Info: pdfTeX in PDF mode is detected.
)
(/usr/local/texlive/2011basic/texmf-dist/tex/generic/oberdiek/ifvtex.sty
Package: ifvtex 2010/03/01 v1.5 Switches for detecting VTeX and its modes (HO)
Package ifvtex Info: VTeX not detected.
)
(/usr/local/texlive/2011basic/texmf-dist/tex/generic/ifxetex/ifxetex.sty
Package: ifxetex 2010/09/12 v0.6 Provides ifxetex conditional
)
\Gm@cnth=\count99
\Gm@cntv=\count100
\c@Gm@tempcnt=\count101
\Gm@bindingoffset=\dimen114
\Gm@wd@mp=\dimen115
\Gm@odd@mp=\dimen116
\Gm@even@mp=\dimen117
\Gm@layoutwidth=\dimen118
\Gm@layoutheight=\dimen119
\Gm@layouthoffset=\dimen120
\Gm@layoutvoffset=\dimen121
\Gm@dimlist=\toks26
)
(/usr/local/texlive/2011basic/texmf-dist/tex/latex/graphics/graphicx.sty
Package: graphicx 1999/02/16 v1.0f Enhanced LaTeX Graphics (DPC,SPQR)

(/usr/local/texlive/2011basic/texmf-dist/tex/latex/graphics/graphics.sty
Package: graphics 2009/02/05 v1.0o Standard LaTeX Graphics (DPC,SPQR)

(/usr/local/texlive/2011basic/texmf-dist/tex/latex/graphics/trig.sty
Package: trig 1999/03/16 v1.09 sin cos tan (DPC)
)
(/usr/local/texlive/2011basic/texmf-dist/tex/latex/latexconfig/graphics.cfg
File: graphics.cfg 2010/04/23 v1.9 graphics configuration of TeX Live
)
Package graphics Info: Driver file: pdftex.def on input line 91.

(/usr/local/texlive/2011basic/texmf-dist/tex/latex/pdftex-def/pdftex.def
File: pdftex.def 2011/05/27 v0.06d Graphics/color for pdfTeX

(/usr/local/texlive/2011basic/texmf-dist/tex/generic/oberdiek/infwarerr.sty
Package: infwarerr 2010/04/08 v1.3 Providing info/warning/message (HO)
)
(/usr/local/texlive/2011basic/texmf-dist/tex/generic/oberdiek/ltxcmds.sty
Package: ltxcmds 2011/04/18 v1.20 LaTeX kernel commands for general use (HO)
)
\Gread@gobject=\count102
))
\Gin@req@height=\dimen122
\Gin@req@width=\dimen123
)
(/usr/local/texlive/2011basic/texmf-dist/tex/latex/amsfonts/amssymb.sty
Package: amssymb 2009/06/22 v3.00
)
(/usr/local/texlive/2011basic/texmf-dist/tex/latex/algorithms/algorithm.sty
Package: algorithm 2009/08/24 v0.1 Document Style `algorithm' - floating enviro
nment

(/usr/local/texlive/2011basic/texmf-dist/tex/latex/float/float.sty
Package: float 2001/11/08 v1.3d Float enhancements (AL)
\c@float@type=\count103
\float@exts=\toks27
\float@box=\box29
\@float@everytoks=\toks28
\@floatcapt=\box30
)
(/usr/local/texlive/2011basic/texmf-dist/tex/latex/base/ifthen.sty
Package: ifthen 2001/05/26 v1.1c Standard LaTeX ifthen package (DPC)
)
\@float@every@algorithm=\toks29
\c@algorithm=\count104
)
(/usr/local/texlive/2011basic/texmf-dist/tex/latex/algorithms/algorithmic.sty
Package: algorithmic 2009/08/24 v0.1 Document Style `algorithmic'
\c@ALC@unique=\count105
\c@ALC@line=\count106
\c@ALC@rem=\count107
\c@ALC@depth=\count108
\ALC@tlm=\skip51
\algorithmicindent=\skip52
)
(./outline.aux)
\openout1 = `outline.aux'.

LaTeX Font Info:    Checking defaults for OML/cmm/m/it on input line 65.
LaTeX Font Info:    ... okay on input line 65.
LaTeX Font Info:    Checking defaults for T1/cmr/m/n on input line 65.
LaTeX Font Info:    ... okay on input line 65.
LaTeX Font Info:    Checking defaults for OT1/cmr/m/n on input line 65.
LaTeX Font Info:    ... okay on input line 65.
LaTeX Font Info:    Checking defaults for OMS/cmsy/m/n on input line 65.
LaTeX Font Info:    ... okay on input line 65.
LaTeX Font Info:    Checking defaults for OMX/cmex/m/n on input line 65.
LaTeX Font Info:    ... okay on input line 65.
LaTeX Font Info:    Checking defaults for U/cmr/m/n on input line 65.
LaTeX Font Info:    ... okay on input line 65.
LaTeX Font Info:    Try loading font information for U+msa on input line 65.

(/usr/local/texlive/2011basic/texmf-dist/tex/latex/amsfonts/umsa.fd
File: umsa.fd 2009/06/22 v3.00 AMS symbols A
)
LaTeX Font Info:    Try loading font information for U+msb on input line 65.

(/usr/local/texlive/2011basic/texmf-dist/tex/latex/amsfonts/umsb.fd
File: umsb.fd 2009/06/22 v3.00 AMS symbols B
)
*geometry* driver: auto-detecting
*geometry* detected driver: pdftex
*geometry* verbose mode - [ preamble ] result:
* driver: pdftex
* paper: letterpaper
* layout: <same size as paper>
* layoutoffset:(h,v)=(0.0pt,0.0pt)
* modes: twoside 
* h-part:(L,W,R)=(73.71613pt, 430.00462pt, 110.57425pt)
* v-part:(T,H,B)=(95.39737pt, 556.47656pt, 143.09605pt)
* \paperwidth=614.295pt
* \paperheight=794.96999pt
* \textwidth=430.00462pt
* \textheight=556.47656pt
* \oddsidemargin=1.44614pt
* \evensidemargin=38.30426pt
* \topmargin=1.12738pt
* \headheight=8.0pt
* \headsep=14.0pt
* \topskip=10.0pt
* \footskip=12.0pt
* \marginparwidth=90.0pt
* \marginparsep=11.0pt
* \columnsep=10.0pt
* \skip\footins=7.0pt plus 11.0pt
* \hoffset=0.0pt
* \voffset=0.0pt
* \mag=1000
* \@twocolumnfalse
* \@twosidetrue
* \@mparswitchtrue
* \@reversemarginfalse
* (1in=72.27pt=25.4mm, 1cm=28.453pt)

(/usr/local/texlive/2011basic/texmf-dist/tex/context/base/supp-pdf.mkii
[Loading MPS to PDF converter (version 2006.09.02).]
\scratchcounter=\count109
\scratchdimen=\dimen124
\scratchbox=\box31
\nofMPsegments=\count110
\nofMParguments=\count111
\everyMPshowfont=\toks30
\MPscratchCnt=\count112
\MPscratchDim=\dimen125
\MPnumerator=\count113
\makeMPintoPDFobject=\count114
\everyMPtoPDFconversion=\toks31
) (/usr/local/texlive/2011basic/texmf-dist/tex/generic/oberdiek/pdftexcmds.sty
Package: pdftexcmds 2011/04/22 v0.16 Utilities of pdfTeX for LuaTeX (HO)

(/usr/local/texlive/2011basic/texmf-dist/tex/generic/oberdiek/ifluatex.sty
Package: ifluatex 2010/03/01 v1.3 Provides the ifluatex switch (HO)
Package ifluatex Info: LuaTeX not detected.
)
Package pdftexcmds Info: LuaTeX not detected.
Package pdftexcmds Info: \pdf@primitive is available.
Package pdftexcmds Info: \pdf@ifprimitive is available.
Package pdftexcmds Info: \pdfdraftmode found.
)
(/usr/local/texlive/2011basic/texmf-dist/tex/latex/oberdiek/epstopdf-base.sty
Package: epstopdf-base 2010/02/09 v2.5 Base part for package epstopdf

(/usr/local/texlive/2011basic/texmf-dist/tex/latex/oberdiek/grfext.sty
Package: grfext 2010/08/19 v1.1 Managing graphics extensions (HO)

(/usr/local/texlive/2011basic/texmf-dist/tex/generic/oberdiek/kvdefinekeys.sty
Package: kvdefinekeys 2011/04/07 v1.3 Defining keys (HO)
)) (/usr/local/texlive/2011basic/texmf-dist/tex/latex/oberdiek/kvoptions.sty
Package: kvoptions 2010/12/23 v3.10 Keyval support for LaTeX options (HO)

(/usr/local/texlive/2011basic/texmf-dist/tex/generic/oberdiek/kvsetkeys.sty
Package: kvsetkeys 2011/04/07 v1.13 Key value parser (HO)

(/usr/local/texlive/2011basic/texmf-dist/tex/generic/oberdiek/etexcmds.sty
Package: etexcmds 2011/02/16 v1.5 Prefix for e-TeX command names (HO)
Package etexcmds Info: Could not find \expanded.
(etexcmds)             That can mean that you are not using pdfTeX 1.50 or
(etexcmds)             that some package has redefined \expanded.
(etexcmds)             In the latter case, load this package earlier.
)))
Package grfext Info: Graphics extension search list:
(grfext)             [.png,.pdf,.jpg,.mps,.jpeg,.jbig2,.jb2,.PNG,.PDF,.JPG,.JPE
G,.JBIG2,.JB2,.eps]
(grfext)             \AppendGraphicsExtensions on input line 452.

(/usr/local/texlive/2011basic/texmf-dist/tex/latex/latexconfig/epstopdf-sys.cfg
File: epstopdf-sys.cfg 2010/07/13 v1.3 Configuration of (r)epstopdf for TeX Liv
e
))
\c@theorem=\count115
\c@conjecture=\count116
 (./outline.toc [1{/usr/local/texlive/2011basic/texmf-var/fonts/map/pdftex/updm
ap/pdftex.map}])
\tf@toc=\write3
\openout3 = `outline.toc'.

 [2] [3] [4] [5] [6] [7]
Overfull \hbox (10.4822pt too wide) in paragraph at lines 246--247
\OT1/cmr/m/n/10.95 Branch-ing is done upon ver-tices to add to $\OML/cmm/m/it/1
0.95 U$\OT1/cmr/m/n/10.95 . If the bi-par-tite graph $(\OML/cmm/m/it/10.95 U; N
[]\OT1/cmr/m/n/10.95 (\OML/cmm/m/it/10.95 U\OT1/cmr/m/n/10.95 )\OML/cmm/m/it/10
.95 ; E[]\OT1/cmr/m/n/10.95 (\OML/cmm/m/it/10.95 U; N[]\OT1/cmr/m/n/10.95 (\OML
/cmm/m/it/10.95 U\OT1/cmr/m/n/10.95 )))$
 []

[8]

LaTeX Font Warning: Font shape `OT1/cmr/bx/sc' undefined
(Font)              using `OT1/cmr/bx/n' instead on input line 291.

<DkSToBPP.png, id=46, 674.52pt x 373.395pt>
File: DkSToBPP.png Graphic file (type png)
 <use DkSToBPP.png>
Package pdftex.def Info: DkSToBPP.png used on input line 295.
(pdftex.def)             Requested size: 426.79134pt x 236.26566pt.


LaTeX Warning: `!h' float specifier changed to `!ht'.

[9] [10 <./DkSToBPP.png>] [11]
Underfull \vbox (badness 3439) has occurred while \output is active []

 [12]
<DkS2Doptimal.png, id=60, 566.115pt x 222.8325pt>
File: DkS2Doptimal.png Graphic file (type png)
 <use DkS2Doptimal.png>
Package pdftex.def Info: DkS2Doptimal.png used on input line 373.
(pdftex.def)             Requested size: 398.33858pt x 156.79771pt.

[13 <./DkS2Doptimal.png (PNG copy)>] <BSC10.png, id=66, 393.47pt x 401.5pt>
File: BSC10.png Graphic file (type png)

<use BSC10.png>
Package pdftex.def Info: BSC10.png used on input line 388.
(pdftex.def)             Requested size: 170.71652pt x 174.19772pt.
 <biplane16.png, id=67, 181.67876pt x 298.11375pt>
File: biplane16.png Graphic file (type png)

<use biplane16.png>
Package pdftex.def Info: biplane16.png used on input line 397.
(pdftex.def)             Requested size: 227.62204pt x 373.5101pt.


LaTeX Warning: `!h' float specifier changed to `!ht'.

[14 <./BSC10.png (PNG copy)>] [15 <./biplane16.png>]
Overfull \hbox (5.12877pt too wide) in paragraph at lines 415--416
\OT1/cmr/bx/sc/10.95 Conjecture 6.3 \OT1/cmr/m/n/10.95 (Bi-plane Con-jec-ture: 
Shared--Heads)\OT1/cmr/bx/sc/10.95 . \OT1/cmr/m/it/10.95 Ev-ery op-ti-mal so-lu
-tion to the Shared-
 []

[16] <biplane9.png, id=79, 313.17pt x 228.855pt>
File: biplane9.png Graphic file (type png)
 <use biplane9.png>
Package pdftex.def Info: biplane9.png used on input line 451.
(pdftex.def)             Requested size: 369.88582pt x 270.31194pt.
 [17 <./biplane9.png>] <approx.jpg, id=84, 806.01125pt x 328.22626pt>
File: approx.jpg Graphic file (type jpg)
 <use approx.jpg>
Package pdftex.def Info: approx.jpg used on input line 467.
(pdftex.def)             Requested size: 369.88582pt x 150.6253pt.

[18 <./approx.jpg>] [19] [20] [21] [22] [23]
File: BSC10.png Graphic file (type png)
 <use BSC10.png>
Package pdftex.def Info: BSC10.png used on input line 626.
(pdftex.def)             Requested size: 170.71652pt x 174.19772pt.


LaTeX Warning: `!h' float specifier changed to `!ht'.

<BSC7.png, id=104, 374.39874pt x 401.5pt>
File: BSC7.png Graphic file (type png)
 <use BSC7.png>
Package pdftex.def Info: BSC7.png used on input line 632.
(pdftex.def)             Requested size: 170.71652pt x 183.07486pt.


LaTeX Warning: `!h' float specifier changed to `!ht'.

<BSC2.png, id=105, 374.39874pt x 401.5pt>
File: BSC2.png Graphic file (type png)
 <use BSC2.png>
Package pdftex.def Info: BSC2.png used on input line 638.
(pdftex.def)             Requested size: 170.71652pt x 183.07486pt.


LaTeX Warning: `!h' float specifier changed to `!ht'.

<BSC0.png, id=106, 331.2375pt x 401.5pt>
File: BSC0.png Graphic file (type png)
 <use BSC0.png>
Package pdftex.def Info: BSC0.png used on input line 644.
(pdftex.def)             Requested size: 170.71652pt x 206.9249pt.


LaTeX Warning: `!h' float specifier changed to `!ht'.


Overfull \hbox (9.16946pt too wide) in paragraph at lines 651--652
[]\OT1/cmr/m/n/10.95 Let $\OML/cmm/m/it/10.95 E\OT1/cmr/m/n/10.95 (\OML/cmm/m/i
t/10.95 X\OT1/cmr/m/n/10.95 )$ de-note the en-ergy of this con-fig-u-ra-tion, w
here $\OML/cmm/m/it/10.95 E\OT1/cmr/m/n/10.95 (\OML/cmm/m/it/10.95 X\OT1/cmr/m/
n/10.95 ) = \OMS/cmsy/m/n/10.95 ^^@\OML/cmm/m/it/10.95 Contacts\OT1/cmr/m/n/10.
95 (\OML/cmm/m/it/10.95 X\OT1/cmr/m/n/10.95 )$. 
 []

[24] [25 <./BSC7.png (PNG copy)>] [26 <./BSC2.png (PNG copy)> <./BSC0.png (PNG 
copy)>] <ProbBiplaneVsT.png, id=117, 602.25pt x 372.39125pt>
File: ProbBiplaneVsT.png Graphic file (type png)

<use ProbBiplaneVsT.png>
Package pdftex.def Info: ProbBiplaneVsT.png used on input line 692.
(pdftex.def)             Requested size: 398.33858pt x 246.31311pt.


LaTeX Warning: `!h' float specifier changed to `!ht'.

[27] [28 <./ProbBiplaneVsT.png (PNG copy)>]
<BiplaneVsT.png, id=124, 602.25pt x 372.39125pt>
File: BiplaneVsT.png Graphic file (type png)
 <use BiplaneVsT.png>
Package pdftex.def Info: BiplaneVsT.png used on input line 720.
(pdftex.def)             Requested size: 398.33858pt x 246.31311pt.


LaTeX Warning: `!h' float specifier changed to `!ht'.

<BiplaneVsTzoom.png, id=125, 602.25pt x 372.39125pt>
File: BiplaneVsTzoom.png Graphic file (type png)
 <use BiplaneVsTzoom.png>
Package pdftex.def Info: BiplaneVsTzoom.png used on input line 728.
(pdftex.def)             Requested size: 398.33858pt x 246.31311pt.

[29] [30 <./BiplaneVsT.png (PNG copy)>]
Missing character: There is no Ð in font cmr9!
 [31 <./BiplaneVsTzoom.png (PNG copy)>]
Missing character: There is no Ð in font cmr9!
Missing character: There is no Ð in font cmr9!
Missing character: There is no Õ in font cmr9!
Missing character: There is no Õ in font cmr9!
Missing character: There is no Ð in font cmr9!

[32] (./outline.aux)

LaTeX Font Warning: Some font shapes were not available, defaults substituted.

 ) 
Here is how much of TeX's memory you used:
 3684 strings out of 494752
 48329 string characters out of 3171019
 114102 words of memory out of 3000000
 6665 multiletter control sequences out of 15000+200000
 13088 words of font info for 49 fonts, out of 3000000 for 9000
 327 hyphenation exceptions out of 8191
 37i,12n,32p,1500b,436s stack positions out of 5000i,500n,10000p,200000b,50000s
</usr/local/texlive/2011basic/texmf-dist/fonts/type1/public/amsfonts/cm/cmbx1
0.pfb></usr/local/texlive/2011basic/texmf-dist/fonts/type1/public/amsfonts/cm/c
mcsc10.pfb></usr/local/texlive/2011basic/texmf-dist/fonts/type1/public/amsfonts
/cm/cmex10.pfb></usr/local/texlive/2011basic/texmf-dist/fonts/type1/public/amsf
onts/cm/cmmi10.pfb></usr/local/texlive/2011basic/texmf-dist/fonts/type1/public/
amsfonts/cm/cmmi6.pfb></usr/local/texlive/2011basic/texmf-dist/fonts/type1/publ
ic/amsfonts/cm/cmmi8.pfb></usr/local/texlive/2011basic/texmf-dist/fonts/type1/p
ublic/amsfonts/cm/cmmi9.pfb></usr/local/texlive/2011basic/texmf-dist/fonts/type
1/public/amsfonts/cm/cmr10.pfb></usr/local/texlive/2011basic/texmf-dist/fonts/t
ype1/public/amsfonts/cm/cmr5.pfb></usr/local/texlive/2011basic/texmf-dist/fonts
/type1/public/amsfonts/cm/cmr6.pfb></usr/local/texlive/2011basic/texmf-dist/fon
ts/type1/public/amsfonts/cm/cmr8.pfb></usr/local/texlive/2011basic/texmf-dist/f
onts/type1/public/amsfonts/cm/cmr9.pfb></usr/local/texlive/2011basic/texmf-dist
/fonts/type1/public/amsfonts/cm/cmsy10.pfb></usr/local/texlive/2011basic/texmf-
dist/fonts/type1/public/amsfonts/cm/cmsy6.pfb></usr/local/texlive/2011basic/tex
mf-dist/fonts/type1/public/amsfonts/cm/cmsy8.pfb></usr/local/texlive/2011basic/
texmf-dist/fonts/type1/public/amsfonts/cm/cmsy9.pfb></usr/local/texlive/2011bas
ic/texmf-dist/fonts/type1/public/amsfonts/cm/cmti10.pfb></usr/local/texlive/201
1basic/texmf-dist/fonts/type1/public/amsfonts/cm/cmti8.pfb></usr/local/texlive/
2011basic/texmf-dist/fonts/type1/public/amsfonts/cm/cmti9.pfb></usr/local/texli
ve/2011basic/texmf-dist/fonts/type1/public/amsfonts/symbols/msam10.pfb></usr/lo
cal/texlive/2011basic/texmf-dist/fonts/type1/public/amsfonts/symbols/msbm10.pfb
>
Output written on outline.pdf (32 pages, 519965 bytes).
PDF statistics:
 207 PDF objects out of 1000 (max. 8388607)
 136 compressed objects within 2 object streams
 0 named destinations out of 1000 (max. 500000)
 61 words of extra memory for PDF output out of 10000 (max. 10000000)

